2017-10-17 14:25:39,290 INFO o.a.j.u.JMeterUtils: Setting Locale to en_US
2017-10-17 14:25:39,314 INFO o.a.j.JMeter: Loading user properties from: /home/mizuki/Development/apache-jmeter-3.3/bin/user.properties
2017-10-17 14:25:39,314 INFO o.a.j.JMeter: Loading system properties from: /home/mizuki/Development/apache-jmeter-3.3/bin/system.properties
2017-10-17 14:25:39,321 INFO o.a.j.JMeter: Copyright (c) 1998-2017 The Apache Software Foundation
2017-10-17 14:25:39,321 INFO o.a.j.JMeter: Version 3.3 r1808647
2017-10-17 14:25:39,321 INFO o.a.j.JMeter: java.version=1.8.0_144
2017-10-17 14:25:39,323 INFO o.a.j.JMeter: java.vm.name=OpenJDK 64-Bit Server VM
2017-10-17 14:25:39,323 INFO o.a.j.JMeter: os.name=Linux
2017-10-17 14:25:39,323 INFO o.a.j.JMeter: os.arch=amd64
2017-10-17 14:25:39,323 INFO o.a.j.JMeter: os.version=4.10.0-35-generic
2017-10-17 14:25:39,323 INFO o.a.j.JMeter: file.encoding=UTF-8
2017-10-17 14:25:39,324 INFO o.a.j.JMeter: Max memory     =1226506240
2017-10-17 14:25:39,324 INFO o.a.j.JMeter: Available Processors =1
2017-10-17 14:25:39,329 INFO o.a.j.JMeter: Default Locale=English (United States)
2017-10-17 14:25:39,330 INFO o.a.j.JMeter: JMeter  Locale=English (United States)
2017-10-17 14:25:39,330 INFO o.a.j.JMeter: JMeterHome=/home/mizuki/Development/apache-jmeter-3.3
2017-10-17 14:25:39,330 INFO o.a.j.JMeter: user.dir  =/home/mizuki/Development/cloudcomputing/csye6225-fall2017-1
2017-10-17 14:25:39,330 INFO o.a.j.JMeter: PWD       =/home/mizuki/Development/cloudcomputing/csye6225-fall2017-1
2017-10-17 14:25:39,331 INFO o.a.j.JMeter: IP: 127.0.1.1 Name: mizuki-VirtualBox FullName: mizuki-VirtualBox
2017-10-17 14:25:39,788 INFO o.a.j.g.a.LookAndFeelCommand: Using look and feel: javax.swing.plaf.metal.MetalLookAndFeel [Metal, CrossPlatform]
2017-10-17 14:25:39,804 INFO o.a.j.JMeter: Loaded icon properties from org/apache/jmeter/images/icon.properties
2017-10-17 14:25:40,481 INFO o.a.j.e.u.CompoundVariable: Note: Function class names must contain the string: '.functions.'
2017-10-17 14:25:40,482 INFO o.a.j.e.u.CompoundVariable: Note: Function class names must not contain the string: '.gui.'
2017-10-17 14:25:41,871 INFO o.a.j.g.u.MenuFactory: Skipping org.apache.jmeter.assertions.BSFAssertion
2017-10-17 14:25:42,886 INFO o.a.j.g.u.MenuFactory: Skipping org.apache.jmeter.extractor.BSFPostProcessor
2017-10-17 14:25:42,936 INFO o.a.j.g.u.MenuFactory: Skipping org.apache.jmeter.modifiers.BSFPreProcessor
2017-10-17 14:25:42,983 INFO o.a.j.p.h.s.HTTPSamplerBase: Parser for text/html is org.apache.jmeter.protocol.http.parser.LagartoBasedHtmlParser
2017-10-17 14:25:42,984 INFO o.a.j.p.h.s.HTTPSamplerBase: Parser for application/xhtml+xml is org.apache.jmeter.protocol.http.parser.LagartoBasedHtmlParser
2017-10-17 14:25:42,984 INFO o.a.j.p.h.s.HTTPSamplerBase: Parser for application/xml is org.apache.jmeter.protocol.http.parser.LagartoBasedHtmlParser
2017-10-17 14:25:42,984 INFO o.a.j.p.h.s.HTTPSamplerBase: Parser for text/xml is org.apache.jmeter.protocol.http.parser.LagartoBasedHtmlParser
2017-10-17 14:25:42,984 INFO o.a.j.p.h.s.HTTPSamplerBase: Parser for text/vnd.wap.wml is org.apache.jmeter.protocol.http.parser.RegexpHTMLParser
2017-10-17 14:25:42,984 INFO o.a.j.p.h.s.HTTPSamplerBase: Parser for text/css is org.apache.jmeter.protocol.http.parser.CssParser
2017-10-17 14:25:43,452 INFO o.a.j.e.KeyToolUtils: keytool found at 'keytool'
2017-10-17 14:25:43,453 INFO o.a.j.p.h.p.ProxyControl: HTTP(S) Test Script Recorder SSL Proxy will use keys that support embedded 3rd party resources in file /home/mizuki/Development/apache-jmeter-3.3/bin/proxyserver.jks
2017-10-17 14:25:43,722 INFO o.a.j.g.u.MenuFactory: Skipping org.apache.jmeter.protocol.java.sampler.BSFSampler
2017-10-17 14:25:43,864 INFO o.a.j.s.FileServer: Default base='/home/mizuki/Development/cloudcomputing/csye6225-fall2017-1'
2017-10-17 14:25:43,986 INFO o.a.j.g.u.MenuFactory: Skipping org.apache.jmeter.protocol.mongodb.config.MongoSourceElement
2017-10-17 14:25:43,986 INFO o.a.j.g.u.MenuFactory: Skipping org.apache.jmeter.protocol.mongodb.sampler.MongoScriptSampler
2017-10-17 14:25:44,130 INFO o.a.j.g.u.MenuFactory: Skipping org.apache.jmeter.timers.BSFTimer
2017-10-17 14:25:44,165 INFO o.a.j.g.u.MenuFactory: Skipping org.apache.jmeter.visualizers.BSFListener
2017-10-17 14:25:44,347 INFO o.a.j.s.SampleResult: Note: Sample TimeStamps are START times
2017-10-17 14:25:44,348 INFO o.a.j.s.SampleResult: sampleresult.default.encoding is set to ISO-8859-1
2017-10-17 14:25:44,349 INFO o.a.j.s.SampleResult: sampleresult.useNanoTime=true
2017-10-17 14:25:44,349 INFO o.a.j.s.SampleResult: sampleresult.nanoThreadSleep=5000
2017-10-17 14:25:44,384 WARN o.a.j.v.ViewResultsFullVisualizer: Error loading result renderer: org.apache.jmeter.visualizers.RenderInBrowser
java.lang.NoClassDefFoundError: javafx/embed/swing/JFXPanel
	at java.lang.Class.forName0(Native Method) ~[?:1.8.0_144]
	at java.lang.Class.forName(Class.java:264) ~[?:1.8.0_144]
	at org.apache.jmeter.visualizers.ViewResultsFullVisualizer.createComboRender(ViewResultsFullVisualizer.java:478) ~[ApacheJMeter_components.jar:3.3 r1808647]
	at org.apache.jmeter.visualizers.ViewResultsFullVisualizer.createLeftPanel(ViewResultsFullVisualizer.java:446) ~[ApacheJMeter_components.jar:3.3 r1808647]
	at org.apache.jmeter.visualizers.ViewResultsFullVisualizer.init(ViewResultsFullVisualizer.java:358) ~[ApacheJMeter_components.jar:3.3 r1808647]
	at org.apache.jmeter.visualizers.ViewResultsFullVisualizer.<init>(ViewResultsFullVisualizer.java:163) ~[ApacheJMeter_components.jar:3.3 r1808647]
	at sun.reflect.NativeConstructorAccessorImpl.newInstance0(Native Method) ~[?:1.8.0_144]
	at sun.reflect.NativeConstructorAccessorImpl.newInstance(NativeConstructorAccessorImpl.java:62) ~[?:1.8.0_144]
	at sun.reflect.DelegatingConstructorAccessorImpl.newInstance(DelegatingConstructorAccessorImpl.java:45) ~[?:1.8.0_144]
	at java.lang.reflect.Constructor.newInstance(Constructor.java:423) ~[?:1.8.0_144]
	at java.lang.Class.newInstance(Class.java:442) ~[?:1.8.0_144]
	at org.apache.jmeter.gui.util.MenuFactory.initializeMenus(MenuFactory.java:505) ~[ApacheJMeter_core.jar:3.3 r1808647]
	at org.apache.jmeter.gui.util.MenuFactory.<clinit>(MenuFactory.java:169) ~[ApacheJMeter_core.jar:3.3 r1808647]
	at org.apache.jmeter.control.gui.WorkBenchGui.createPopupMenu(WorkBenchGui.java:119) ~[ApacheJMeter_core.jar:3.3 r1808647]
	at org.apache.jmeter.gui.tree.JMeterTreeNode.createPopupMenu(JMeterTreeNode.java:156) ~[ApacheJMeter_core.jar:3.3 r1808647]
	at org.apache.jmeter.gui.action.EditCommand.doAction(EditCommand.java:46) ~[ApacheJMeter_core.jar:3.3 r1808647]
	at org.apache.jmeter.gui.action.ActionRouter.performAction(ActionRouter.java:80) ~[ApacheJMeter_core.jar:3.3 r1808647]
	at org.apache.jmeter.gui.action.ActionRouter.lambda$actionPerformed$0(ActionRouter.java:65) ~[ApacheJMeter_core.jar:3.3 r1808647]
	at java.awt.event.InvocationEvent.dispatch(InvocationEvent.java:311) [?:1.8.0_144]
	at java.awt.EventQueue.dispatchEventImpl(EventQueue.java:756) [?:1.8.0_144]
	at java.awt.EventQueue.access$500(EventQueue.java:97) [?:1.8.0_144]
	at java.awt.EventQueue$3.run(EventQueue.java:709) [?:1.8.0_144]
	at java.awt.EventQueue$3.run(EventQueue.java:703) [?:1.8.0_144]
	at java.security.AccessController.doPrivileged(Native Method) ~[?:1.8.0_144]
	at java.security.ProtectionDomain$JavaSecurityAccessImpl.doIntersectionPrivilege(ProtectionDomain.java:80) [?:1.8.0_144]
	at java.awt.EventQueue.dispatchEvent(EventQueue.java:726) [?:1.8.0_144]
	at java.awt.EventDispatchThread.pumpOneEventForFilters(EventDispatchThread.java:201) [?:1.8.0_144]
	at java.awt.EventDispatchThread.pumpEventsForFilter(EventDispatchThread.java:116) [?:1.8.0_144]
	at java.awt.EventDispatchThread.pumpEventsForHierarchy(EventDispatchThread.java:105) [?:1.8.0_144]
	at java.awt.EventDispatchThread.pumpEvents(EventDispatchThread.java:101) [?:1.8.0_144]
	at java.awt.EventDispatchThread.pumpEvents(EventDispatchThread.java:93) [?:1.8.0_144]
	at java.awt.EventDispatchThread.run(EventDispatchThread.java:82) [?:1.8.0_144]
Caused by: java.lang.ClassNotFoundException: javafx.embed.swing.JFXPanel
	at java.net.URLClassLoader.findClass(URLClassLoader.java:381) ~[?:1.8.0_144]
	at java.lang.ClassLoader.loadClass(ClassLoader.java:424) ~[?:1.8.0_144]
	at java.lang.ClassLoader.loadClass(ClassLoader.java:357) ~[?:1.8.0_144]
	... 32 more
